<?xml version="1.0" encoding="UTF-8"?>
<!-- Generated by org.testng.reporters.JUnitXMLReporter -->
<testsuite hostname="DESKTOP-R4R7OSC" ignored="0" name="Test2" tests="6" failures="0" timestamp="2022-05-20T15:57:04 IST" time="0.059" errors="0">
  <testcase name="createCust2" time="0.008" classname="testNgEx2.CustomerManagerEx3"/>
  <testcase name="deleteCust2" time="0.008" classname="testNgEx2.CustomerManagerEx3"/>
  <testcase name="updateCust2" time="0.001" classname="testNgEx2.CustomerManagerEx3"/>
  <testcase name="createAccount" time="0.002" classname="testNgEx2.AccountManagerEx3"/>
  <testcase name="deleteAccount" time="0.002" classname="testNgEx2.AccountManagerEx3"/>
  <testcase name="updateAccount" time="0.001" classname="testNgEx2.AccountManagerEx3"/>
</testsuite> <!-- Test2 -->
