<?xml version="1.0" encoding="UTF-8"?>
<!-- Generated by org.testng.reporters.JUnitXMLReporter -->
<testsuite hostname="DESKTOP-R4R7OSC" ignored="0" name="Acc" tests="3" failures="0" timestamp="2022-05-20T16:19:52 IST" time="0.062" errors="0">
  <testcase name="createAccount" time="0.009" classname="testNgEx2.AccountManagerEx3"/>
  <testcase name="deleteAccount" time="0.005" classname="testNgEx2.AccountManagerEx3"/>
  <testcase name="updateAccount" time="0.001" classname="testNgEx2.AccountManagerEx3"/>
</testsuite> <!-- Acc -->
