<?xml version="1.0" encoding="UTF-8"?>
<!-- Generated by org.testng.reporters.JUnitXMLReporter -->
<testsuite hostname="DESKTOP-R4R7OSC" ignored="0" name="Cust" tests="3" failures="0" timestamp="2022-05-20T16:19:52 IST" time="0.062" errors="0">
  <testcase name="createCust2" time="0.009" classname="testNgEx2.CustomerManagerEx3"/>
  <testcase name="deleteCust2" time="0.001" classname="testNgEx2.CustomerManagerEx3"/>
  <testcase name="updateCust2" time="0.002" classname="testNgEx2.CustomerManagerEx3"/>
</testsuite> <!-- Cust -->
