<?xml version="1.0" encoding="UTF-8"?>
<!-- Generated by org.testng.reporters.JUnitXMLReporter -->
<testsuite hostname="DESKTOP-R4R7OSC" ignored="0" name="Test1" tests="3" failures="0" timestamp="2022-05-19T20:58:59 IST" time="0.053" errors="0">
  <testcase name="createCust2" time="0.006" classname="testNgEx2.CustomerManagerEx2"/>
  <testcase name="deleteCust2" time="0.002" classname="testNgEx2.CustomerManagerEx2"/>
  <testcase name="updateCust2" time="0.001" classname="testNgEx2.CustomerManagerEx2"/>
</testsuite> <!-- Test1 -->
