<?xml version="1.0" encoding="UTF-8"?>
<!-- Generated by org.testng.reporters.JUnitXMLReporter -->
<testsuite hostname="DESKTOP-R4R7OSC" ignored="0" name="Test2" tests="3" failures="0" timestamp="2022-05-19T20:59:00 IST" time="0.012" errors="0">
  <testcase name="createAccount2" time="0.001" classname="testNgEx2.AccountManagerEx2"/>
  <testcase name="deleteAccount2" time="0.002" classname="testNgEx2.AccountManagerEx2"/>
  <testcase name="updateAccount2" time="0.002" classname="testNgEx2.AccountManagerEx2"/>
</testsuite> <!-- Test2 -->
