<?xml version="1.0" encoding="UTF-8"?>
<testng-results skipped="0" failed="0" ignored="0" total="2" passed="2">
  <reporter-output>
  </reporter-output>
  <suite name="Default suite" duration-ms="10743" started-at="2022-05-28T00:11:00 IST" finished-at="2022-05-28T00:11:10 IST">
    <groups>
    </groups>
    <test name="Default test" duration-ms="10743" started-at="2022-05-28T00:11:00 IST" finished-at="2022-05-28T00:11:10 IST">
      <class name="org.pomTestCases.LoginTestCases">
        <test-method status="PASS" signature="initializeObjects()[pri:0, instance:org.pomTestCases.LoginTestCases@17d0685f]" name="initializeObjects" is-config="true" duration-ms="6" started-at="2022-05-28T00:11:00 IST" finished-at="2022-05-28T00:11:00 IST">
          <reporter-output>
          </reporter-output>
        </test-method> <!-- initializeObjects -->
        <test-method status="PASS" signature="initializeBrowser()[pri:0, instance:org.pomTestCases.LoginTestCases@17d0685f]" name="initializeBrowser" is-config="true" duration-ms="4884" started-at="2022-05-28T00:11:00 IST" finished-at="2022-05-28T00:11:05 IST">
          <reporter-output>
          </reporter-output>
        </test-method> <!-- initializeBrowser -->
        <test-method status="PASS" signature="login()[pri:0, instance:org.pomTestCases.LoginTestCases@17d0685f]" name="login" duration-ms="236" started-at="2022-05-28T00:11:05 IST" finished-at="2022-05-28T00:11:05 IST">
          <reporter-output>
          </reporter-output>
        </test-method> <!-- login -->
        <test-method status="PASS" signature="tearDown()[pri:0, instance:org.pomTestCases.LoginTestCases@17d0685f]" name="tearDown" is-config="true" duration-ms="392" started-at="2022-05-28T00:11:05 IST" finished-at="2022-05-28T00:11:05 IST">
          <reporter-output>
          </reporter-output>
        </test-method> <!-- tearDown -->
        <test-method status="PASS" signature="initializeBrowser()[pri:0, instance:org.pomTestCases.LoginTestCases@17d0685f]" name="initializeBrowser" is-config="true" duration-ms="5089" started-at="2022-05-28T00:11:05 IST" finished-at="2022-05-28T00:11:10 IST">
          <reporter-output>
          </reporter-output>
        </test-method> <!-- initializeBrowser -->
        <test-method status="PASS" signature="verifyLoginPage()[pri:0, instance:org.pomTestCases.LoginTestCases@17d0685f]" name="verifyLoginPage" duration-ms="50" started-at="2022-05-28T00:11:10 IST" finished-at="2022-05-28T00:11:10 IST">
          <reporter-output>
          </reporter-output>
        </test-method> <!-- verifyLoginPage -->
        <test-method status="PASS" signature="tearDown()[pri:0, instance:org.pomTestCases.LoginTestCases@17d0685f]" name="tearDown" is-config="true" duration-ms="58" started-at="2022-05-28T00:11:10 IST" finished-at="2022-05-28T00:11:10 IST">
          <reporter-output>
          </reporter-output>
        </test-method> <!-- tearDown -->
      </class> <!-- org.pomTestCases.LoginTestCases -->
    </test> <!-- Default test -->
  </suite> <!-- Default suite -->
</testng-results>
